<?xml version="1.0" encoding="UTF-8" ?>
<testsuite tests="30" failures="0" name="com.training.epam.ticketservice.at.TestExecutor" time="268.996" errors="0" skipped="0">
  <properties>
    <property name="java.runtime.name" value="Java(TM) SE Runtime Environment"/>
    <property name="java.vm.version" value="17.0.4.1+1-LTS-2"/>
    <property name="sun.boot.library.path" value="C:\Program Files\Java\jdk-17.0.4.1\bin"/>
    <property name="maven.multiModuleProjectDirectory" value="D:\mark cuccok\java fejlesztes a gyakorlatban\ticketService"/>
    <property name="java.vm.vendor" value="Oracle Corporation"/>
    <property name="java.vendor.url" value="https://java.oracle.com/"/>
    <property name="path.separator" value=";"/>
    <property name="guice.disable.misplaced.annotation.check" value="true"/>
    <property name="java.vm.name" value="Java HotSpot(TM) 64-Bit Server VM"/>
    <property name="user.country" value="US"/>
    <property name="sun.java.launcher" value="SUN_STANDARD"/>
    <property name="user.script" value=""/>
    <property name="sun.os.patch.level" value=""/>
    <property name="user.dir" value="D:\mark cuccok\java fejlesztes a gyakorlatban\ticketService"/>
    <property name="java.vm.compressedOopsMode" value="32-bit"/>
    <property name="java.vm.specification.name" value="Java Virtual Machine Specification"/>
    <property name="java.runtime.version" value="17.0.4.1+1-LTS-2"/>
    <property name="os.arch" value="amd64"/>
    <property name="java.io.tmpdir" value="C:\Users\Tunde\AppData\Local\Temp\"/>
    <property name="line.separator" value="
"/>
    <property name="java.vm.specification.vendor" value="Oracle Corporation"/>
    <property name="user.variant" value=""/>
    <property name="os.name" value="Windows 10"/>
    <property name="classworlds.conf" value="D:\mark cuccok\libs\apache-maven-3.8.6-bin\apache-maven-3.8.6\bin\m2.conf"/>
    <property name="sun.jnu.encoding" value="Cp1252"/>
    <property name="java.library.path" value="C:\Program Files\Java\jdk-17.0.4.1\bin;C:\Windows\Sun\Java\bin;C:\Windows\system32;C:\Windows;C:\Program Files\Common Files\Oracle\Java\javapath;C:\Program Files (x86)\Common Files\Oracle\Java\javapath;C:\Windows\system32;C:\Windows;C:\Windows\System32\Wbem;C:\Windows\System32\WindowsPowerShell\v1.0\;C:\Windows\System32\OpenSSH\;C:\Program Files\Git\cmd;C:\Users\Tunde\AppData\Local\Programs\Python\Python310\Scripts\;C:\Users\Tunde\AppData\Local\Programs\Python\Python310\;C:\Users\Tunde\AppData\Local\Microsoft\WindowsApps;D:\mark cuccok\libs\gradle-7.5.1-bin\gradle-7.5.1\bin;C:\Program Files\JetBrains\IntelliJ IDEA 2022.2.1\bin;;D:\mark cuccok\libs\apache-maven-3.8.6-bin\apache-maven-3.8.6\bin;;C:\Users\Tunde\AppData\Local\Programs\Microsoft VS Code\bin;."/>
    <property name="maven.conf" value="D:\mark cuccok\libs\apache-maven-3.8.6-bin\apache-maven-3.8.6/conf"/>
    <property name="jdk.debug" value="release"/>
    <property name="java.class.version" value="61.0"/>
    <property name="java.specification.name" value="Java Platform API Specification"/>
    <property name="sun.management.compiler" value="HotSpot 64-Bit Tiered Compilers"/>
    <property name="os.version" value="10.0"/>
    <property name="library.jansi.path" value="D:\mark cuccok\libs\apache-maven-3.8.6-bin\apache-maven-3.8.6\lib\jansi-native"/>
    <property name="user.home" value="C:\Users\Tunde"/>
    <property name="user.timezone" value="Europe/Bucharest"/>
    <property name="file.encoding" value="Cp1252"/>
    <property name="java.specification.version" value="17"/>
    <property name="java.class.path" value="D:\mark cuccok\libs\apache-maven-3.8.6-bin\apache-maven-3.8.6\boot\plexus-classworlds-2.6.0.jar"/>
    <property name="user.name" value="Tunde"/>
    <property name="java.vm.specification.version" value="17"/>
    <property name="sun.arch.data.model" value="64"/>
    <property name="sun.java.command" value="org.codehaus.plexus.classworlds.launcher.Launcher clean verify -P requirements-grade5"/>
    <property name="java.home" value="C:\Program Files\Java\jdk-17.0.4.1"/>
    <property name="user.language" value="en"/>
    <property name="java.specification.vendor" value="Oracle Corporation"/>
    <property name="java.vm.info" value="mixed mode, sharing"/>
    <property name="java.version" value="17.0.4.1"/>
    <property name="native.encoding" value="Cp1252"/>
    <property name="java.vendor" value="Oracle Corporation"/>
    <property name="sun.stderr.encoding" value="cp437"/>
    <property name="maven.home" value="D:\mark cuccok\libs\apache-maven-3.8.6-bin\apache-maven-3.8.6"/>
    <property name="file.separator" value="\"/>
    <property name="java.version.date" value="2022-08-18"/>
    <property name="java.vendor.url.bug" value="https://bugreport.java.com/bugreport/"/>
    <property name="sun.cpu.endian" value="little"/>
    <property name="sun.io.unicode.encoding" value="UnicodeLittle"/>
    <property name="sun.stdout.encoding" value="cp437"/>
    <property name="sun.cpu.isalist" value="amd64"/>
  </properties>
  <testcase classname="allow creating accounts and logging in" name="the admin account exists by default and can be logged in with the correct password" time="8.43"/>
  <testcase classname="allow creating accounts and logging in" name="the admin account can be signed out" time="7.479"/>
  <testcase classname="allow creating accounts and logging in" name="the admin account can not be logged in with incorrect password" time="7.32"/>
  <testcase classname="allow creating accounts and logging in" name="non-privileged accounts can be created and logged in with the correct password" time="7.774"/>
  <testcase classname="allow creating accounts and logging in" name="non-privileged accounts can not be logged in with the incorrect password" time="7.464"/>
  <testcase classname="allow creating accounts and logging in" name="non-privileged accounts can be signed out" time="7.808"/>
  <testcase classname="allows users to book tickets for screenings, and show booking history" name="an authenticated user can book a ticket for a screening" time="10.455"/>
  <testcase classname="allows users to book tickets for screenings, and show booking history" name="an authenticated user can not book a ticket if at least one of the seats is already taken" time="10.872"/>
  <testcase classname="allows users to book tickets for screenings, and show booking history" name="the price of the ticket in the history should not change if pricing changes after the booking" time="11.44"/>
  <testcase classname="allows creating movie descriptions" name="an admin user can create and list movies" time="7.908"/>
  <testcase classname="allows creating movie descriptions" name="an admin user can update a movie" time="7.608"/>
  <testcase classname="allows creating movie descriptions" name="an admin user can delete a movie" time="7.494"/>
  <testcase classname="allows creating movie descriptions" name="an unauthenticated user can list movies" time="7.849"/>
  <testcase classname="allows creating movie descriptions" name="an authenticated, non-privileged user can list movies" time="8.55"/>
  <testcase classname="allows creating pricing components and assigning them to rooms, movies and screenings" name="a default per seat per screening price is defined to be 1500 HUF and is used in the calculation of the price of each seat" time="9.606"/>
  <testcase classname="allows creating pricing components and assigning them to rooms, movies and screenings" name="the admin user can change the default per seat per screening price" time="10.67"/>
  <testcase classname="allows creating pricing components and assigning them to rooms, movies and screenings" name="the admin user can create price component and assign it to a movie" time="10.832"/>
  <testcase classname="allows creating pricing components and assigning them to rooms, movies and screenings" name="the admin user can create price component and assign it to a room" time="10.461"/>
  <testcase classname="allows creating pricing components and assigning them to rooms, movies and screenings" name="the admin user can create price component and assign it to a screening" time="10.634"/>
  <testcase classname="allow creating, reading, updating and deleting rooms where the screenings will happen" name="an admin user can create and list rooms" time="7.674"/>
  <testcase classname="allow creating, reading, updating and deleting rooms where the screenings will happen" name="an admin user can update a room" time="7.781"/>
  <testcase classname="allow creating, reading, updating and deleting rooms where the screenings will happen" name="an admin user can delete a room" time="7.723"/>
  <testcase classname="allow creating, reading, updating and deleting rooms where the screenings will happen" name="an unauthenticated user can list rooms" time="7.716"/>
  <testcase classname="allow creating, reading, updating and deleting rooms where the screenings will happen" name="an authenticated, non-privileged user can list rooms" time="8.301"/>
  <testcase classname="allows creating, deleting and listing screenings" name="The admin user can create and query screenings" time="9.502"/>
  <testcase classname="allows creating, deleting and listing screenings" name="The admin can not create overlapping screenings in the same room" time="9.283"/>
  <testcase classname="allows creating, deleting and listing screenings" name="The admin can create overlapping screenings in different rooms" time="9.436"/>
  <testcase classname="allows creating, deleting and listing screenings" name="The admin can not create screenings during a 10 minute long breaks after another screening in the same room" time="9.3"/>
  <testcase classname="allows creating, deleting and listing screenings" name="The admin can create screenings even if there is a break after a screening in a different room" time="12.049"/>
  <testcase classname="allows creating, deleting and listing screenings" name="The admin user can delete screenings" time="9.577"/>
</testsuite>